[024月2026 21:07:42.819] [main/INFO] [cpw.mods.modlauncher.Launcher/MODLAUNCHER]: ModLauncher running: args [--launchTarget, forgeclientdev, --version, 21.1.221, --assetIndex, asset-index, --assetsDir, C:\Users\Administrator\.gradle\caches\minecraft\assets, --gameDir, ., --fml.fmlVersion, 4.0.42, --fml.mcVersion, 1.21.1, --fml.neoForgeVersion, 21.1.221, --fml.neoFormVersion, 20240808.144430]
[024月2026 21:07:42.824] [main/INFO] [cpw.mods.modlauncher.Launcher/MODLAUNCHER]: JVM identified as Oracle Corporation Java HotSpot(TM) 64-Bit Server VM 21.0.10+8-LTS-217
[024月2026 21:07:42.826] [main/INFO] [cpw.mods.modlauncher.Launcher/MODLAUNCHER]: ModLauncher 11.0.5+main.901c6ea8 starting: java version 21.0.10 by Oracle Corporation; OS Windows 11 arch amd64 version 10.0
[024月2026 21:07:42.915] [main/INFO] [net.neoforged.fml.loading.ImmediateWindowHandler/]: Loading ImmediateWindowProvider fmlearlywindow
[024月2026 21:07:43.013] [main/INFO] [EARLYDISPLAY/]: Trying GL version 4.6
[024月2026 21:07:43.074] [main/INFO] [EARLYDISPLAY/]: Requested GL version 4.6 got version 4.6
[024月2026 21:07:43.178] [main/INFO] [mixin/]: SpongePowered MIXIN Subsystem Version=0.8.7 Source=union:/C:/Users/Administrator/.gradle/caches/modules-2/files-2.1/net.fabricmc/sponge-mixin/0.15.2+mixin.0.8.7/2af2f021d8e02a0220dc27a7a72b4666d66d44ca/sponge-mixin-0.15.2+mixin.0.8.7.jar%23142!/ Service=ModLauncher Env=CLIENT
[024月2026 21:07:43.268] [main/INFO] [net.neoforged.fml.loading.moddiscovery.ModDiscoverer/SCAN]: Found mod file "neoforge-21.1.221.jar" [locator: neoforge devenv provider ([D:\mygitrepos\mcmods\ark\MDK-1.21.1-NeoGradle\.gradle\repositories\ng_dummy_ng\net\neoforged\neoforge\21.1.221\neoforge-21.1.221.jar])]
[024月2026 21:07:43.295] [main/INFO] [net.neoforged.fml.loading.moddiscovery.ModDiscoverer/SCAN]: Found mod file "neoforge-21.1.221.jar" [locator: neoforge devenv provider ([D:\mygitrepos\mcmods\ark\MDK-1.21.1-NeoGradle\.gradle\repositories\ng_dummy_ng\net\neoforged\neoforge\21.1.221\neoforge-21.1.221.jar])]
[024月2026 21:07:43.304] [main/INFO] [net.neoforged.fml.loading.moddiscovery.ModDiscoverer/SCAN]: Found mod file "main" [locator: userdev mods and services, reader: mod manifest]
[024月2026 21:07:43.311] [main/INFO] [net.neoforged.fml.loading.moddiscovery.ModDiscoverer/SCAN]: Found mod file "neoforge-21.1.221.jar" [locator: userdev mods and services, reader: mod manifest]
[024月2026 21:07:43.328] [pool-2-thread-1/INFO] [EARLYDISPLAY/]: GL info: Intel(R) RaptorLake-S Mobile Graphics Controller GL version 4.6.0 - Build 32.0.101.6790, Intel
[024月2026 21:07:43.349] [main/INFO] [net.neoforged.fml.loading.moddiscovery.ModDiscoverer/SCAN]: Found gamelibrary file "mixinextras-neoforge-0.5.3.jar" [locator: userdev mods and services, reader: mod manifest]
[024月2026 21:07:43.578] [main/WARN] [net.neoforged.jarjar.selection.JarSelector/]: Attempted to select a dependency jar for JarJar which was passed in as source: library:mixinextras.neoforge. Using Mod File: C:\Users\Administrator\.gradle\caches\modules-2\files-2.1\io.github.llamalad7\mixinextras-neoforge\0.5.3\a0919957808de97707c5fb4ce073e66aeef3e187\mixinextras-neoforge-0.5.3.jar
[024月2026 21:07:43.578] [main/INFO] [net.neoforged.fml.loading.moddiscovery.locators.JarInJarDependencyLocator/]: Found 1 dependencies adding them to mods collection
[024月2026 21:07:43.578] [main/INFO] [net.neoforged.fml.loading.moddiscovery.ModDiscoverer/SCAN]: Found library file "net.neoforged.neoforge-coremods-21.1.221.jar" [parent: neoforge-21.1.221.jar, locator: jarinjar, reader: mod manifest]
[024月2026 21:07:43.580] [main/INFO] [net.neoforged.fml.loading.moddiscovery.ModDiscoverer/]: 
     Mod List:
		Name Version (Mod Id)

		Ark 1.0.0 (ark)
		Minecraft 1.21.1 (minecraft)
		NeoForge 21.1.221 (neoforge)
[024月2026 21:07:43.976] [main/INFO] [cpw.mods.modlauncher.LaunchServiceHandler/MODLAUNCHER]: Launching target 'forgeclientdev' with arguments [--version, 21.1.221, --gameDir, ., --assetsDir, C:\Users\Administrator\.gradle\caches\minecraft\assets, --assetIndex, asset-index]
[024月2026 21:07:45.629] [Datafixer Bootstrap/INFO] [com.mojang.datafixers.DataFixerBuilder/]: 229 Datafixer optimizations took 272 milliseconds
[024月2026 21:07:45.795] [pool-7-thread-1/INFO] [MixinExtras|Service/]: Initializing MixinExtras via com.llamalad7.mixinextras.service.MixinExtrasServiceImpl(version=0.5.3).
[024月2026 21:07:49.339] [main/WARN] [net.minecraft.commands.Commands/]: Ambiguity between arguments [teleport, location] and [teleport, destination] with inputs: [0.1 -0.5 .9, 0 0 0]
[024月2026 21:07:49.340] [main/WARN] [net.minecraft.commands.Commands/]: Ambiguity between arguments [teleport, location] and [teleport, targets] with inputs: [0.1 -0.5 .9, 0 0 0]
[024月2026 21:07:49.342] [main/WARN] [net.minecraft.commands.Commands/]: Ambiguity between arguments [teleport, destination] and [teleport, targets] with inputs: [Player, 0123, @e, dd12be42-52a9-4a91-a8a1-11c01849e498]
[024月2026 21:07:49.343] [main/WARN] [net.minecraft.commands.Commands/]: Ambiguity between arguments [teleport, targets] and [teleport, destination] with inputs: [Player, 0123, dd12be42-52a9-4a91-a8a1-11c01849e498]
[024月2026 21:07:49.344] [main/WARN] [net.minecraft.commands.Commands/]: Ambiguity between arguments [teleport, targets, location] and [teleport, targets, destination] with inputs: [0.1 -0.5 .9, 0 0 0]
[024月2026 21:07:49.426] [Render thread/WARN] [net.minecraft.server.packs.VanillaPackResourcesBuilder/]: Assets URL 'union:/D:/mygitrepos/mcmods/ark/MDK-1.21.1-NeoGradle/.gradle/repositories/ng_dummy_ng/net/neoforged/neoforge/21.1.221/neoforge-21.1.221.jar%23195!/assets/.mcassetsroot' uses unexpected schema
[024月2026 21:07:49.426] [Render thread/WARN] [net.minecraft.server.packs.VanillaPackResourcesBuilder/]: Assets URL 'union:/D:/mygitrepos/mcmods/ark/MDK-1.21.1-NeoGradle/.gradle/repositories/ng_dummy_ng/net/neoforged/neoforge/21.1.221/neoforge-21.1.221.jar%23195!/data/.mcassetsroot' uses unexpected schema
[024月2026 21:07:49.449] [Render thread/INFO] [com.mojang.authlib.yggdrasil.YggdrasilAuthenticationService/]: Environment: Environment[sessionHost=https://sessionserver.mojang.com, servicesHost=https://api.minecraftservices.com, name=PROD]
[024月2026 21:07:49.455] [Render thread/INFO] [net.minecraft.client.Minecraft/]: Setting user: Dev
[024月2026 21:07:49.526] [Render thread/INFO] [net.minecraft.client.Minecraft/]: Backend library: LWJGL version 3.3.3+5
[024月2026 21:07:49.708] [modloading-worker-0/INFO] [net.neoforged.neoforge.common.NeoForgeMod/NEOFORGE-MOD]: NeoForge mod loading, version 21.1.221, for MC 1.21.1
[024月2026 21:07:49.725] [modloading-worker-0/INFO] [com.qing_ying.ark.Ark/]: Ark initialized
[024月2026 21:07:50.246] [Render thread/INFO] [net.neoforged.neoforge.gametest.GameTestHooks/]: Enabled Gametest Namespaces: [ark]
[024月2026 21:07:50.335] [Render thread/INFO] [net.minecraft.server.packs.resources.ReloadableResourceManager/]: Reloading ResourceManager: vanilla, mod_resources, mod/ark, mod/neoforge
[024月2026 21:07:50.500] [Worker-Main-27/INFO] [net.minecraft.client.gui.font.providers.UnihexProvider/]: Found unifont_all_no_pua-15.1.05.hex, loading
[024月2026 21:07:50.500] [Worker-Main-8/INFO] [net.minecraft.client.gui.font.providers.UnihexProvider/]: Found unifont_jp_patch-15.1.05.hex, loading
[024月2026 21:07:51.366] [Render thread/WARN] [net.minecraft.client.sounds.SoundEngine/]: Missing sound for event: minecraft:item.goat_horn.play
[024月2026 21:07:51.366] [Render thread/WARN] [net.minecraft.client.sounds.SoundEngine/]: Missing sound for event: minecraft:entity.goat.screaming.horn_break
[024月2026 21:07:51.543] [Render thread/INFO] [com.mojang.blaze3d.audio.Library/]: OpenAL initialized on device OpenAL Soft on 耳机 (Realtek(R) Audio)
[024月2026 21:07:51.544] [Render thread/INFO] [net.minecraft.client.sounds.SoundEngine/SOUNDS]: Sound engine started
[024月2026 21:07:51.613] [Render thread/INFO] [net.minecraft.client.renderer.texture.TextureAtlas/]: Created: 1024x512x4 minecraft:textures/atlas/blocks.png-atlas
[024月2026 21:07:51.654] [Render thread/INFO] [net.minecraft.client.renderer.texture.TextureAtlas/]: Created: 256x256x4 minecraft:textures/atlas/signs.png-atlas
[024月2026 21:07:51.656] [Render thread/INFO] [net.minecraft.client.renderer.texture.TextureAtlas/]: Created: 512x512x4 minecraft:textures/atlas/shield_patterns.png-atlas
[024月2026 21:07:51.657] [Render thread/INFO] [net.minecraft.client.renderer.texture.TextureAtlas/]: Created: 512x512x4 minecraft:textures/atlas/banner_patterns.png-atlas
[024月2026 21:07:51.659] [Render thread/INFO] [net.minecraft.client.renderer.texture.TextureAtlas/]: Created: 1024x1024x4 minecraft:textures/atlas/armor_trims.png-atlas
[024月2026 21:07:51.675] [Render thread/INFO] [net.minecraft.client.renderer.texture.TextureAtlas/]: Created: 256x256x4 minecraft:textures/atlas/chest.png-atlas
[024月2026 21:07:51.676] [Render thread/INFO] [net.minecraft.client.renderer.texture.TextureAtlas/]: Created: 128x64x4 minecraft:textures/atlas/decorated_pot.png-atlas
[024月2026 21:07:51.677] [Render thread/INFO] [net.minecraft.client.renderer.texture.TextureAtlas/]: Created: 512x256x4 minecraft:textures/atlas/shulker_boxes.png-atlas
[024月2026 21:07:51.678] [Render thread/INFO] [net.minecraft.client.renderer.texture.TextureAtlas/]: Created: 512x256x4 minecraft:textures/atlas/beds.png-atlas
[024月2026 21:07:51.795] [Render thread/INFO] [net.minecraft.client.renderer.texture.TextureAtlas/]: Created: 512x256x0 minecraft:textures/atlas/particles.png-atlas
[024月2026 21:07:51.802] [Render thread/INFO] [net.minecraft.client.renderer.texture.TextureAtlas/]: Created: 512x256x0 minecraft:textures/atlas/paintings.png-atlas
[024月2026 21:07:51.804] [Render thread/INFO] [net.minecraft.client.renderer.texture.TextureAtlas/]: Created: 256x128x0 minecraft:textures/atlas/mob_effects.png-atlas
[024月2026 21:07:51.805] [Render thread/INFO] [net.minecraft.client.renderer.texture.TextureAtlas/]: Created: 64x64x0 minecraft:textures/atlas/map_decorations.png-atlas
[024月2026 21:07:51.806] [Render thread/INFO] [net.minecraft.client.renderer.texture.TextureAtlas/]: Created: 1024x512x0 minecraft:textures/atlas/gui.png-atlas
[024月2026 21:07:51.858] [Render thread/WARN] [net.minecraft.client.renderer.ShaderInstance/]: Shader rendertype_entity_translucent_emissive could not find sampler named Sampler2 in the specified shader program.
[024月2026 21:07:51.941] [Render thread/INFO] [net.neoforged.neoforge.client.entity.animation.json.AnimationLoader/]: Loaded 0 entity animations
[024月2026 21:07:55.877] [Render thread/INFO] [net.minecraft.world.item.crafting.RecipeManager/]: Loaded 1290 recipes
[024月2026 21:07:55.975] [Render thread/INFO] [net.minecraft.advancements.AdvancementTree/]: Loaded 1399 advancements
[024月2026 21:07:56.275] [Server thread/INFO] [net.minecraft.client.server.IntegratedServer/]: Starting integrated minecraft server version 1.21.1
[024月2026 21:07:56.276] [Server thread/INFO] [net.minecraft.server.MinecraftServer/]: Generating keypair
[024月2026 21:07:56.790] [Server thread/INFO] [net.minecraft.server.MinecraftServer/]: Preparing start region for dimension minecraft:overworld
[024月2026 21:07:57.028] [progressListener/INFO] [net.minecraft.server.level.progress.LoggerChunkProgressListener/]: 准备生成区域中：0%
[024月2026 21:07:57.146] [Server thread/INFO] [net.neoforged.neoforge.server.permission.PermissionAPI/]: Successfully initialized permission handler neoforge:default_handler
[024月2026 21:07:57.154] [progressListener/INFO] [net.minecraft.server.level.progress.LoggerChunkProgressListener/]: Time elapsed: 348 ms
[024月2026 21:07:57.202] [Server thread/INFO] [net.minecraft.client.server.IntegratedServer/]: Changing view distance to 12, from 10
[024月2026 21:07:57.202] [Server thread/INFO] [net.minecraft.client.server.IntegratedServer/]: Changing simulation distance to 12, from 0
[024月2026 21:07:57.748] [Server thread/INFO] [net.minecraft.server.players.PlayerList/]: Dev[local:E:6e1e451d] logged in with entity id 59 at (-323.51169831918213, 65.0, -151.82632265339296)
[024月2026 21:07:57.810] [Server thread/INFO] [net.minecraft.server.MinecraftServer/]: Dev加入了游戏
[024月2026 21:07:57.940] [Render thread/INFO] [net.minecraft.advancements.AdvancementTree/]: Loaded 98 advancements
[024月2026 21:09:06.815] [Render thread/INFO] [net.minecraft.client.Minecraft/]: Stopping!
[024月2026 21:09:06.853] [Server thread/INFO] [net.minecraft.server.network.ServerGamePacketListenerImpl/]: Dev lost connection: 连接中断
[024月2026 21:09:06.854] [Server thread/INFO] [net.minecraft.server.MinecraftServer/]: Dev退出了游戏
[024月2026 21:09:06.872] [Server thread/INFO] [net.minecraft.server.network.ServerCommonPacketListenerImpl/]: Stopping singleplayer server as player logged out
[024月2026 21:09:06.909] [Server thread/INFO] [net.minecraft.server.MinecraftServer/]: Stopping server
[024月2026 21:09:06.910] [Server thread/INFO] [net.minecraft.server.MinecraftServer/]: Saving players
[024月2026 21:09:06.910] [Server thread/INFO] [net.minecraft.server.MinecraftServer/]: Saving worlds
[024月2026 21:09:07.054] [Server thread/INFO] [net.minecraft.server.MinecraftServer/]: Saving chunks for level 'ServerLevel[test]'/minecraft:overworld
[024月2026 21:09:07.113] [Server thread/INFO] [net.minecraft.server.MinecraftServer/]: Saving chunks for level 'ServerLevel[test]'/minecraft:the_end
[024月2026 21:09:07.117] [Server thread/INFO] [net.minecraft.server.MinecraftServer/]: Saving chunks for level 'ServerLevel[test]'/minecraft:the_nether
[024月2026 21:09:07.125] [Server thread/INFO] [net.minecraft.server.MinecraftServer/]: ThreadedAnvilChunkStorage (test (1)): All chunks are saved
[024月2026 21:09:07.125] [Server thread/INFO] [net.minecraft.server.MinecraftServer/]: ThreadedAnvilChunkStorage (DIM1): All chunks are saved
[024月2026 21:09:07.126] [Server thread/INFO] [net.minecraft.server.MinecraftServer/]: ThreadedAnvilChunkStorage (DIM-1): All chunks are saved
[024月2026 21:09:07.126] [Server thread/INFO] [net.minecraft.server.MinecraftServer/]: ThreadedAnvilChunkStorage: All dimensions are saved
